#
# There is insufficient memory for the Java Runtime Environment to continue.
# Native memory allocation (mmap) failed to map 264241152 bytes. Error detail: G1 virtual space
# Possible reasons:
#   The system is out of physical RAM or swap space
#   This process is running with CompressedOops enabled, and the Java Heap may be blocking the growth of the native heap
# Possible solutions:
#   Reduce memory load on the system
#   Increase physical memory or swap space
#   Check if swap backing store is full
#   Decrease Java heap size (-Xmx/-Xms)
#   Decrease number of Java threads
#   Decrease Java thread stack sizes (-Xss)
#   Set larger code cache with -XX:ReservedCodeCacheSize=
#   JVM is running with Zero Based Compressed Oops mode in which the Java heap is
#     placed in the first 32GB address space. The Java Heap base address is the
#     maximum limit for the native heap growth. Please use -XX:HeapBaseMinAddress
#     to set the Java Heap base and to place the Java Heap above 32GB virtual address.
# This output file may be truncated or incomplete.
#
#  Out of Memory Error (os_windows.cpp:3703), pid=9284, tid=30688
#
# JRE version:  (23.0.1+11) (build )
# Java VM: Java HotSpot(TM) 64-Bit Server VM (23.0.1+11-39, mixed mode, sharing, tiered, compressed oops, compressed class ptrs, g1 gc, windows-amd64)
# No core dump will be written. Minidumps are not enabled by default on client versions of Windows
#

---------------  S U M M A R Y ------------

Command Line: -Dfile.encoding=UTF-8 --module-path=C:\Users\praso\OneDrive\Documents\NetBeansProjects\AirlineManagemntSystem\build\classes airlinemanagemntsystem.Login

Host: 11th Gen Intel(R) Core(TM) i5-1135G7 @ 2.40GHz, 8 cores, 15G,  Windows 11 , 64 bit Build 22621 (10.0.22621.4391)
Time: Sat Nov 30 20:33:24 2024 India Standard Time elapsed time: 0.012523 seconds (0d 0h 0m 0s)

---------------  T H R E A D  ---------------

Current thread (0x00000258e8af2fe0):  JavaThread "Unknown thread" [_thread_in_vm, id=30688, stack(0x00000085a9200000,0x00000085a9300000) (1024K)]

Stack: [0x00000085a9200000,0x00000085a9300000]
Native frames: (J=compiled Java code, j=interpreted, Vv=VM code, C=native code)
V  [jvm.dll+0x6e08b9]  (no source info available)
V  [jvm.dll+0x87dc83]  (no source info available)
V  [jvm.dll+0x88010e]  (no source info available)
V  [jvm.dll+0x8807e3]  (no source info available)
V  [jvm.dll+0x27aee6]  (no source info available)
V  [jvm.dll+0x6dd1c5]  (no source info available)
V  [jvm.dll+0x6d104a]  (no source info available)
V  [jvm.dll+0x35b3ea]  (no source info available)
V  [jvm.dll+0x3637f6]  (no source info available)
V  [jvm.dll+0x34fd5e]  (no source info available)
V  [jvm.dll+0x34fff8]  (no source info available)
V  [jvm.dll+0x3289cc]  (no source info available)
V  [jvm.dll+0x32966e]  (no source info available)
V  [jvm.dll+0x844355]  (no source info available)
V  [jvm.dll+0x3b9848]  (no source info available)
V  [jvm.dll+0x82d14c]  (no source info available)
V  [jvm.dll+0x454d4e]  (no source info available)
V  [jvm.dll+0x456bd1]  (no source info available)
C  [jli.dll+0x52a3]  (no source info available)
C  [ucrtbase.dll+0x29333]  (no source info available)
C  [KERNEL32.DLL+0x1259d]  (no source info available)
C  [ntdll.dll+0x5af38]  (no source info available)

Lock stack of current Java thread (top to bottom):


---------------  P R O C E S S  ---------------

Threads class SMR info:
_java_thread_list=0x00007ff96f743618, length=0, elements={
}

Java Threads: ( => current thread )
Total: 0

Other Threads:
  0x00000258eae30940 WorkerThread "GC Thread#0"                     [id=30228, stack(0x00000085a9400000,0x00000085a9500000) (1024K)]
  0x00000258eae452b0 ConcurrentGCThread "G1 Main Marker"            [id=6572, stack(0x00000085a9500000,0x00000085a9600000) (1024K)]
  0x00000258eae45cd0 WorkerThread "G1 Conc#0"                       [id=31148, stack(0x00000085a9600000,0x00000085a9700000) (1024K)]

[error occurred during error reporting (printing all threads), id 0xc0000005, EXCEPTION_ACCESS_VIOLATION (0xc0000005) at pc=0x00007ff96ee8bfba]
VM state: not at safepoint (not fully initialized)

VM Mutex/Monitor currently owned by a thread:  ([mutex/lock_event])
[0x00007ff96f7c3a10] Heap_lock - owner thread: 0x00000258e8af2fe0

Heap address: 0x0000000704c00000, size: 4020 MB, Compressed Oops mode: Zero based, Oop shift amount: 3

CDS archive(s) mapped at: [0x0000000000000000-0x0000000000000000-0x0000000000000000), size 0, SharedBaseAddress: 0x0000000800000000, ArchiveRelocationMode: 1.
Narrow klass base: 0x0000000000000000, Narrow klass shift: 0, Narrow klass range: 0x0

GC Precious Log:
 CardTable entry size: 512
 Card Set container configuration: InlinePtr #cards 4 size 8 Array Of Cards #cards 16 size 48 Howl #buckets 8 coarsen threshold 3686 Howl Bitmap #cards 512 size 80 coarsen threshold 460 Card regions per heap region 1 cards per card region 4096

Heap:
 garbage-first heap   total reserved 4116480K, committed 0K, used 0K [0x0000000704c00000, 0x0000000800000000)
  region size 2048K, 0 young (0K), 0 survivors (0K)

[error occurred during error reporting (printing heap information), id 0xc0000005, EXCEPTION_ACCESS_VIOLATION (0xc0000005) at pc=0x00007ff96f28c3c9]
GC Heap History (0 events):
No events

Dll operation events (1 events):
Event: 0.007 Loaded shared library C:\Program Files\Java\jdk-23\bin\java.dll

Deoptimization events (0 events):
No events

Classes loaded (0 events):
No events

Classes unloaded (0 events):
No events

Classes redefined (0 events):
No events

Internal exceptions (0 events):
No events

VM Operations (0 events):
No events

Memory protections (0 events):
No events

Nmethod flushes (0 events):
No events

Events (0 events):
No events


Dynamic libraries:
0x00007ff60e430000 - 0x00007ff60e440000 	C:\Program Files\Java\jdk-23\bin\java.exe
0x00007ffa04bd0000 - 0x00007ffa04de7000 	C:\WINDOWS\SYSTEM32\ntdll.dll
0x00007ffa03ac0000 - 0x00007ffa03b84000 	C:\WINDOWS\System32\KERNEL32.DLL
0x00007ffa01ff0000 - 0x00007ffa023a9000 	C:\WINDOWS\System32\KERNELBASE.dll
0x00007ffa02420000 - 0x00007ffa02531000 	C:\WINDOWS\System32\ucrtbase.dll
0x00007ff9f9730000 - 0x00007ff9f9747000 	C:\Program Files\Java\jdk-23\bin\jli.dll
0x00007ffa03340000 - 0x00007ffa034ee000 	C:\WINDOWS\System32\USER32.dll
0x00007ffa027f0000 - 0x00007ffa02816000 	C:\WINDOWS\System32\win32u.dll
0x00007ffa03990000 - 0x00007ffa039b9000 	C:\WINDOWS\System32\GDI32.dll
0x00007ffa01ed0000 - 0x00007ffa01feb000 	C:\WINDOWS\System32\gdi32full.dll
0x00007ffa02850000 - 0x00007ffa028ea000 	C:\WINDOWS\System32\msvcp_win.dll
0x00007ff9f8e20000 - 0x00007ff9f8e3b000 	C:\Program Files\Java\jdk-23\bin\VCRUNTIME140.dll
0x00007ff9f1f00000 - 0x00007ff9f2192000 	C:\WINDOWS\WinSxS\amd64_microsoft.windows.common-controls_6595b64144ccf1df_6.0.22621.4391_none_2715d37f73803e96\COMCTL32.dll
0x00007ffa02950000 - 0x00007ffa029f7000 	C:\WINDOWS\System32\msvcrt.dll
0x00007ffa03f00000 - 0x00007ffa03f31000 	C:\WINDOWS\System32\IMM32.DLL
0x00007ff9e7280000 - 0x00007ff9e73e3000 	C:\Program Files (x86)\Citrix\ICA Client\ctxapclient64.dll
0x00007ffa02820000 - 0x00007ffa02848000 	C:\WINDOWS\System32\bcrypt.dll
0x00007ffa04640000 - 0x00007ffa049cf000 	C:\WINDOWS\System32\combase.dll
0x00007ffa03870000 - 0x00007ffa03984000 	C:\WINDOWS\System32\RPCRT4.dll
0x00007ff9f94e0000 - 0x00007ff9f94ea000 	C:\WINDOWS\SYSTEM32\VERSION.dll
0x00007ffa04ad0000 - 0x00007ffa04b82000 	C:\WINDOWS\System32\ADVAPI32.dll
0x00007ffa04590000 - 0x00007ffa04637000 	C:\WINDOWS\System32\sechost.dll
0x00007ffa01090000 - 0x00007ffa010c4000 	C:\WINDOWS\SYSTEM32\ntmarta.dll
0x00007ffa02770000 - 0x00007ffa027eb000 	C:\WINDOWS\System32\bcryptprimitives.dll
0x00007ff9f8e10000 - 0x00007ff9f8e1c000 	C:\Program Files\Java\jdk-23\bin\vcruntime140_1.dll
0x00007ff9c9f00000 - 0x00007ff9c9f8e000 	C:\Program Files\Java\jdk-23\bin\msvcp140.dll
0x00007ff96eb50000 - 0x00007ff96f89f000 	C:\Program Files\Java\jdk-23\bin\server\jvm.dll
0x00007ffa03c10000 - 0x00007ffa03c81000 	C:\WINDOWS\System32\WS2_32.dll
0x00007ffa01750000 - 0x00007ffa0179d000 	C:\WINDOWS\SYSTEM32\POWRPROF.dll
0x00007ff9f96d0000 - 0x00007ff9f9704000 	C:\WINDOWS\SYSTEM32\WINMM.dll
0x00007ffa01730000 - 0x00007ffa01743000 	C:\WINDOWS\SYSTEM32\UMPDC.dll
0x00007ffa00f80000 - 0x00007ffa00f98000 	C:\WINDOWS\SYSTEM32\kernel.appcore.dll
0x00007ff9f8e00000 - 0x00007ff9f8e0a000 	C:\Program Files\Java\jdk-23\bin\jimage.dll
0x00007ff9ff670000 - 0x00007ff9ff8a2000 	C:\WINDOWS\SYSTEM32\DBGHELP.DLL
0x00007ffa03780000 - 0x00007ffa03857000 	C:\WINDOWS\System32\OLEAUT32.dll
0x00007ff9f1320000 - 0x00007ff9f1352000 	C:\WINDOWS\SYSTEM32\dbgcore.DLL
0x00007ff9efa80000 - 0x00007ff9efa9e000 	C:\Program Files\Java\jdk-23\bin\java.dll
0x00007ffa03c90000 - 0x00007ffa03e35000 	C:\WINDOWS\System32\ole32.dll
0x00000258f34d0000 - 0x00000258f3d46000 	C:\WINDOWS\System32\SHELL32.dll

dbghelp: loaded successfully - version: 4.0.5 - missing functions: none
symbol engine: initialized successfully - sym options: 0x614 - pdb path: .;C:\Program Files\Java\jdk-23\bin;C:\WINDOWS\SYSTEM32;C:\WINDOWS\WinSxS\amd64_microsoft.windows.common-controls_6595b64144ccf1df_6.0.22621.4391_none_2715d37f73803e96;C:\Program Files (x86)\Citrix\ICA Client;C:\Program Files\Java\jdk-23\bin\server

VM Arguments:
jvm_args: -Dfile.encoding=UTF-8 --module-path=C:\Users\praso\OneDrive\Documents\NetBeansProjects\AirlineManagemntSystem\build\classes 
java_command: airlinemanagemntsystem.Login
java_class_path (initial): C:\Users\praso\OneDrive\Desktop\mysql-connector-java-8.0.28.jar;C:\Users\praso\OneDrive\Documents\rs2xml.jar;C:\Users\praso\OneDrive\Documents\jcalendar-tz-1.3.3-4.jar;C:\Users\praso\OneDrive\Documents\NetBeansProjects\AirlineManagemntSystem\build\classes
Launcher Type: SUN_STANDARD

[Global flags]
     intx CICompilerCount                          = 4                                         {product} {ergonomic}
     uint ConcGCThreads                            = 2                                         {product} {ergonomic}
     uint G1ConcRefinementThreads                  = 8                                         {product} {ergonomic}
   size_t G1HeapRegionSize                         = 2097152                                   {product} {ergonomic}
   size_t InitialHeapSize                          = 264241152                                 {product} {ergonomic}
   size_t MarkStackSize                            = 4194304                                   {product} {ergonomic}
   size_t MarkStackSizeMax                         = 536870912                                 {product} {ergonomic}
   size_t MaxHeapSize                              = 4215275520                                {product} {ergonomic}
   size_t MinHeapDeltaBytes                        = 2097152                                   {product} {ergonomic}
   size_t MinHeapSize                              = 8388608                                   {product} {ergonomic}
    uintx NonNMethodCodeHeapSize                   = 5832704                                {pd product} {ergonomic}
    uintx NonProfiledCodeHeapSize                  = 122945536                              {pd product} {ergonomic}
    uintx ProfiledCodeHeapSize                     = 122880000                              {pd product} {ergonomic}
    uintx ReservedCodeCacheSize                    = 251658240                              {pd product} {ergonomic}
     bool SegmentedCodeCache                       = true                                      {product} {ergonomic}
   size_t SoftMaxHeapSize                          = 4215275520                             {manageable} {ergonomic}
     bool UseCompressedOops                        = true                           {product lp64_product} {ergonomic}
     bool UseG1GC                                  = true                                      {product} {ergonomic}
     bool UseLargePagesIndividualAllocation        = false                                  {pd product} {ergonomic}

Logging:
Log output configuration:
 #0: stdout all=warning uptime,level,tags foldmultilines=false
 #1: stderr all=off uptime,level,tags foldmultilines=false

Environment Variables:
PATH=C:\Program Files\Common Files\Oracle\Java\javapath;C:\Program Files\Python312\Scripts\;C:\Program Files\Python312\;C:\Program Files (x86)\Common Files\Oracle\Java\javapath;C:\oraclexe\app\oracle\product\11.2.0\server\bin;C:\WINDOWS\system32;C:\WINDOWS;C:\WINDOWS\System32\Wbem;C:\WINDOWS\System32\WindowsPowerShell\v1.0\;C:\WINDOWS\System32\OpenSSH\;C:\Program Files\dotnet\;C:\Program Files\Java\jdk-23\bin;C:\Program Files\MySQL\MySQL Server 8.0\bin;C:\Program Files\MySQL\MySQL Shell 8.0\bin\;C:\Users\praso\AppData\Local\Programs\Python\Launcher\;C:\Users\praso\Downloads\flutter_windows_3.19.0-stable\flutter\bin;C:\Users\praso\AppData\Local\Programs\Microsoft VS Code\bin;C:\Users\praso\AppData\Local\Microsoft\WindowsApps;C:\Program Files\Python312\Scripts;C:\Program Files\Python312;C:\Users\praso\AppData\Local\Programs\Python\Python312;C:\Users\praso\AppData\Roaming\Python\Python312\Scripts;
USERNAME=praso
OS=Windows_NT
PROCESSOR_IDENTIFIER=Intel64 Family 6 Model 140 Stepping 1, GenuineIntel
TMP=C:\Users\praso\AppData\Local\Temp
TEMP=C:\Users\praso\AppData\Local\Temp




Periodic native trim disabled

---------------  S Y S T E M  ---------------

OS:
 Windows 11 , 64 bit Build 22621 (10.0.22621.4391)
OS uptime: 1 days 5:09 hours

CPU: total 8 (initial active 8) (4 cores per cpu, 2 threads per core) family 6 model 140 stepping 1 microcode 0x86, cx8, cmov, fxsr, ht, mmx, 3dnowpref, sse, sse2, sse3, ssse3, sse4.1, sse4.2, popcnt, lzcnt, tsc, tscinvbit, avx, avx2, aes, erms, clmul, bmi1, bmi2, adx, avx512f, avx512dq, avx512cd, avx512bw, avx512vl, sha, fma, vzeroupper, avx512_vpopcntdq, avx512_vpclmulqdq, avx512_vaes, avx512_vnni, clflush, clflushopt, clwb, avx512_vbmi2, avx512_vbmi, rdtscp, rdpid, fsrm, gfni, avx512_bitalg, f16c, pku, cet_ibt, cet_ss, avx512_ifma
Processor Information for processor 0
  Max Mhz: 2419, Current Mhz: 1209, Mhz Limit: 2419
Processor Information for processor 1
  Max Mhz: 2419, Current Mhz: 2419, Mhz Limit: 2419
Processor Information for processor 2
  Max Mhz: 2419, Current Mhz: 2419, Mhz Limit: 2419
Processor Information for processor 3
  Max Mhz: 2419, Current Mhz: 2419, Mhz Limit: 2419
Processor Information for processor 4
  Max Mhz: 2419, Current Mhz: 1209, Mhz Limit: 2419
Processor Information for processor 5
  Max Mhz: 2419, Current Mhz: 2419, Mhz Limit: 2419
Processor Information for processor 6
  Max Mhz: 2419, Current Mhz: 2419, Mhz Limit: 2419
Processor Information for processor 7
  Max Mhz: 2419, Current Mhz: 2419, Mhz Limit: 2419

Memory: 4k page, system-wide physical 16077M (2512M free)
TotalPageFile size 42255M (AvailPageFile size 243M)
current process WorkingSet (physical memory assigned to process): 13M, peak: 13M
current process commit charge ("private bytes"): 62M, peak: 314M

vm_info: Java HotSpot(TM) 64-Bit Server VM (23.0.1+11-39) for windows-amd64 JRE (23.0.1+11-39), built on 2024-09-30T07:20:43Z with MS VC++ 17.6 (VS2022)

END.
